2004.06.22 18:25 B E:\dem_gallery_web_ready\deboy_fundraiser_june04\thumbs\balt_co_exec_smith.png --> ftp.sbcdemclub.org /www/galleries/deboy_fundraiser_june04/thumbs balt_co_exec_smith.png
2004.06.22 18:25 B E:\dem_gallery_web_ready\deboy_fundraiser_june04\thumbs\conway_amtmann_bailey.png --> ftp.sbcdemclub.org /www/galleries/deboy_fundraiser_june04/thumbs conway_amtmann_bailey.png
2004.06.22 18:25 B E:\dem_gallery_web_ready\deboy_fundraiser_june04\thumbs\conway_malone_smith.png --> ftp.sbcdemclub.org /www/galleries/deboy_fundraiser_june04/thumbs conway_malone_smith.png
2004.06.22 18:25 B E:\dem_gallery_web_ready\deboy_fundraiser_june04\thumbs\crowd1.png --> ftp.sbcdemclub.org /www/galleries/deboy_fundraiser_june04/thumbs crowd1.png
2004.06.22 18:26 B E:\dem_gallery_web_ready\deboy_fundraiser_june04\thumbs\deboy1.png --> ftp.sbcdemclub.org /www/galleries/deboy_fundraiser_june04/thumbs deboy1.png
2004.06.22 18:26 B E:\dem_gallery_web_ready\deboy_fundraiser_june04\thumbs\deboy2.png --> ftp.sbcdemclub.org /www/galleries/deboy_fundraiser_june04/thumbs deboy2.png
2004.06.22 18:26 B E:\dem_gallery_web_ready\deboy_fundraiser_june04\thumbs\deboy3.png --> ftp.sbcdemclub.org /www/galleries/deboy_fundraiser_june04/thumbs deboy3.png
2004.06.22 18:26 B E:\dem_gallery_web_ready\deboy_fundraiser_june04\thumbs\deboy_amtmann.png --> ftp.sbcdemclub.org /www/galleries/deboy_fundraiser_june04/thumbs deboy_amtmann.png
2004.06.22 18:26 B E:\dem_gallery_web_ready\deboy_fundraiser_june04\thumbs\deboy_family.png --> ftp.sbcdemclub.org /www/galleries/deboy_fundraiser_june04/thumbs deboy_family.png
2004.06.22 18:26 B E:\dem_gallery_web_ready\deboy_fundraiser_june04\thumbs\deboy_group.png --> ftp.sbcdemclub.org /www/galleries/deboy_fundraiser_june04/thumbs deboy_group.png
2004.06.22 18:26 B E:\dem_gallery_web_ready\deboy_fundraiser_june04\thumbs\deboy_jones_malone.png --> ftp.sbcdemclub.org /www/galleries/deboy_fundraiser_june04/thumbs deboy_jones_malone.png
2004.06.22 18:26 B E:\dem_gallery_web_ready\deboy_fundraiser_june04\thumbs\del_conway.png --> ftp.sbcdemclub.org /www/galleries/deboy_fundraiser_june04/thumbs del_conway.png
2004.06.22 18:26 B E:\dem_gallery_web_ready\deboy_fundraiser_june04\thumbs\executive_robey.png --> ftp.sbcdemclub.org /www/galleries/deboy_fundraiser_june04/thumbs executive_robey.png
2004.06.22 18:26 B E:\dem_gallery_web_ready\deboy_fundraiser_june04\thumbs\malone_speaking1.png --> ftp.sbcdemclub.org /www/galleries/deboy_fundraiser_june04/thumbs malone_speaking1.png
2004.06.22 18:26 B E:\dem_gallery_web_ready\deboy_fundraiser_june04\thumbs\moxley_quirk_amtmann_metcalfe.png --> ftp.sbcdemclub.org /www/galleries/deboy_fundraiser_june04/thumbs moxley_quirk_amtmann_metcalfe.png
2004.06.22 18:26 B E:\dem_gallery_web_ready\deboy_fundraiser_june04\thumbs\senator_kasemeyer_speaking.png --> ftp.sbcdemclub.org /www/galleries/deboy_fundraiser_june04/thumbs senator_kasemeyer_speaking.png
2004.06.22 19:22 B E:\dem_gallery_web_ready\deboy_fundraiser_june04\thumbs\balt_co_exec_smith.png --> ftp.bcyd.org /www/photo_galleries/deboy_fundraiser_june04/thumbs balt_co_exec_smith.png
2004.06.22 19:22 B E:\dem_gallery_web_ready\deboy_fundraiser_june04\thumbs\conway_amtmann_bailey.png --> ftp.bcyd.org /www/photo_galleries/deboy_fundraiser_june04/thumbs conway_amtmann_bailey.png
2004.06.22 19:22 B E:\dem_gallery_web_ready\deboy_fundraiser_june04\thumbs\conway_malone_smith.png --> ftp.bcyd.org /www/photo_galleries/deboy_fundraiser_june04/thumbs conway_malone_smith.png
2004.06.22 19:22 B E:\dem_gallery_web_ready\deboy_fundraiser_june04\thumbs\crowd1.png --> ftp.bcyd.org /www/photo_galleries/deboy_fundraiser_june04/thumbs crowd1.png
2004.06.22 19:22 B E:\dem_gallery_web_ready\deboy_fundraiser_june04\thumbs\deboy1.png --> ftp.bcyd.org /www/photo_galleries/deboy_fundraiser_june04/thumbs deboy1.png
2004.06.22 19:22 B E:\dem_gallery_web_ready\deboy_fundraiser_june04\thumbs\deboy2.png --> ftp.bcyd.org /www/photo_galleries/deboy_fundraiser_june04/thumbs deboy2.png
2004.06.22 19:23 B E:\dem_gallery_web_ready\deboy_fundraiser_june04\thumbs\deboy3.png --> ftp.bcyd.org /www/photo_galleries/deboy_fundraiser_june04/thumbs deboy3.png
2004.06.22 19:23 B E:\dem_gallery_web_ready\deboy_fundraiser_june04\thumbs\deboy_amtmann.png --> ftp.bcyd.org /www/photo_galleries/deboy_fundraiser_june04/thumbs deboy_amtmann.png
2004.06.22 19:23 B E:\dem_gallery_web_ready\deboy_fundraiser_june04\thumbs\deboy_family.png --> ftp.bcyd.org /www/photo_galleries/deboy_fundraiser_june04/thumbs deboy_family.png
2004.06.22 19:23 B E:\dem_gallery_web_ready\deboy_fundraiser_june04\thumbs\deboy_group.png --> ftp.bcyd.org /www/photo_galleries/deboy_fundraiser_june04/thumbs deboy_group.png
2004.06.22 19:23 B E:\dem_gallery_web_ready\deboy_fundraiser_june04\thumbs\deboy_jones_malone.png --> ftp.bcyd.org /www/photo_galleries/deboy_fundraiser_june04/thumbs deboy_jones_malone.png
2004.06.22 19:23 B E:\dem_gallery_web_ready\deboy_fundraiser_june04\thumbs\del_conway.png --> ftp.bcyd.org /www/photo_galleries/deboy_fundraiser_june04/thumbs del_conway.png
2004.06.22 19:23 B E:\dem_gallery_web_ready\deboy_fundraiser_june04\thumbs\executive_robey.png --> ftp.bcyd.org /www/photo_galleries/deboy_fundraiser_june04/thumbs executive_robey.png
2004.06.22 19:23 B E:\dem_gallery_web_ready\deboy_fundraiser_june04\thumbs\malone_speaking1.png --> ftp.bcyd.org /www/photo_galleries/deboy_fundraiser_june04/thumbs malone_speaking1.png
2004.06.22 19:23 B E:\dem_gallery_web_ready\deboy_fundraiser_june04\thumbs\moxley_quirk_amtmann_metcalfe.png --> ftp.bcyd.org /www/photo_galleries/deboy_fundraiser_june04/thumbs moxley_quirk_amtmann_metcalfe.png
2004.06.22 19:23 B E:\dem_gallery_web_ready\deboy_fundraiser_june04\thumbs\senator_kasemeyer_speaking.png --> ftp.bcyd.org /www/photo_galleries/deboy_fundraiser_june04/thumbs senator_kasemeyer_speaking.png
