2004.05.31 13:29 B E:\dem_gallery_web_ready\malone_fundraiser_may04\co_exec_Smith.jpg --> ftp.sbcdemclub.org /www/galleries/malone_fundraiser_may04 co_exec_Smith.jpg
2004.05.31 13:29 B E:\dem_gallery_web_ready\malone_fundraiser_may04\deboy_frank.jpg --> ftp.sbcdemclub.org /www/galleries/malone_fundraiser_may04 deboy_frank.jpg
2004.05.31 13:30 B E:\dem_gallery_web_ready\malone_fundraiser_may04\deboy_metcalfe.jpg --> ftp.sbcdemclub.org /www/galleries/malone_fundraiser_may04 deboy_metcalfe.jpg
2004.05.31 13:30 B E:\dem_gallery_web_ready\malone_fundraiser_may04\del_busch.jpg --> ftp.sbcdemclub.org /www/galleries/malone_fundraiser_may04 del_busch.jpg
2004.05.31 13:30 B E:\dem_gallery_web_ready\malone_fundraiser_may04\del_busch_intro.jpg --> ftp.sbcdemclub.org /www/galleries/malone_fundraiser_may04 del_busch_intro.jpg
2004.05.31 13:30 B E:\dem_gallery_web_ready\malone_fundraiser_may04\del_McIntosh.jpg --> ftp.sbcdemclub.org /www/galleries/malone_fundraiser_may04 del_McIntosh.jpg
2004.05.31 13:30 B E:\dem_gallery_web_ready\malone_fundraiser_may04\images.html --> ftp.sbcdemclub.org /www/galleries/malone_fundraiser_may04 images.html
2004.05.31 13:30 B E:\dem_gallery_web_ready\malone_fundraiser_may04\index.html --> ftp.sbcdemclub.org /www/galleries/malone_fundraiser_may04 index.html
2004.05.31 13:30 B E:\dem_gallery_web_ready\malone_fundraiser_may04\malone_familybg.jpg --> ftp.sbcdemclub.org /www/galleries/malone_fundraiser_may04 malone_familybg.jpg
2004.05.31 13:30 B E:\dem_gallery_web_ready\malone_fundraiser_may04\malone_oaks_moe.jpg --> ftp.sbcdemclub.org /www/galleries/malone_fundraiser_may04 malone_oaks_moe.jpg
2004.05.31 13:30 B E:\dem_gallery_web_ready\malone_fundraiser_may04\malone_talking1.jpg --> ftp.sbcdemclub.org /www/galleries/malone_fundraiser_may04 malone_talking1.jpg
2004.05.31 13:30 B E:\dem_gallery_web_ready\malone_fundraiser_may04\malone_talking2.jpg --> ftp.sbcdemclub.org /www/galleries/malone_fundraiser_may04 malone_talking2.jpg
2004.05.31 13:30 B E:\dem_gallery_web_ready\malone_fundraiser_may04\malone_talking3.jpg --> ftp.sbcdemclub.org /www/galleries/malone_fundraiser_may04 malone_talking3.jpg
2004.05.31 13:30 B E:\dem_gallery_web_ready\malone_fundraiser_may04\oaks_frank.jpg --> ftp.sbcdemclub.org /www/galleries/malone_fundraiser_may04 oaks_frank.jpg
2004.05.31 13:30 B E:\dem_gallery_web_ready\malone_fundraiser_may04\senator_kasemeyer.jpg --> ftp.sbcdemclub.org /www/galleries/malone_fundraiser_may04 senator_kasemeyer.jpg
2004.05.31 13:31 B E:\dem_gallery_web_ready\malone_fundraiser_may04\index.html --> ftp.sbcdemclub.org /www/galleries/malone_fundraiser_may04 index.html
2004.05.31 13:36 B E:\dem_gallery_web_ready\malone_fundraiser_may04\index.html --> ftp.sbcdemclub.org /www/galleries/malone_fundraiser_may04 index.html
2004.05.31 13:37 B E:\dem_gallery_web_ready\malone_fundraiser_may04\index.html --> ftp.sbcdemclub.org /www/galleries/malone_fundraiser_may04 index.html
2004.06.22 12:58 B E:\dem_gallery_web_ready\malone_fundraiser_may04\index.html --> ftp.sbcdemclub.org /www/galleries/malone_fundraiser_may04 index.html
2004.06.22 19:05 B E:\dem_gallery_web_ready\malone_fundraiser_may04\bcyd_index.html --> ftp.bcyd.org /www/photo_galleries/malone_fundraiser_may04 bcyd_index.html
2004.06.22 19:05 B E:\dem_gallery_web_ready\malone_fundraiser_may04\co_exec_Smith.jpg --> ftp.bcyd.org /www/photo_galleries/malone_fundraiser_may04 co_exec_Smith.jpg
2004.06.22 19:05 B E:\dem_gallery_web_ready\malone_fundraiser_may04\deboy_frank.jpg --> ftp.bcyd.org /www/photo_galleries/malone_fundraiser_may04 deboy_frank.jpg
2004.06.22 19:05 B E:\dem_gallery_web_ready\malone_fundraiser_may04\deboy_metcalfe.jpg --> ftp.bcyd.org /www/photo_galleries/malone_fundraiser_may04 deboy_metcalfe.jpg
2004.06.22 19:05 B E:\dem_gallery_web_ready\malone_fundraiser_may04\del_busch.jpg --> ftp.bcyd.org /www/photo_galleries/malone_fundraiser_may04 del_busch.jpg
2004.06.22 19:05 B E:\dem_gallery_web_ready\malone_fundraiser_may04\del_busch_intro.jpg --> ftp.bcyd.org /www/photo_galleries/malone_fundraiser_may04 del_busch_intro.jpg
2004.06.22 19:05 B E:\dem_gallery_web_ready\malone_fundraiser_may04\del_McIntosh.jpg --> ftp.bcyd.org /www/photo_galleries/malone_fundraiser_may04 del_McIntosh.jpg
2004.06.22 19:05 B E:\dem_gallery_web_ready\malone_fundraiser_may04\images.html --> ftp.bcyd.org /www/photo_galleries/malone_fundraiser_may04 images.html
2004.06.22 19:05 B E:\dem_gallery_web_ready\malone_fundraiser_may04\index.html --> ftp.bcyd.org /www/photo_galleries/malone_fundraiser_may04 index.html
2004.06.22 19:05 B E:\dem_gallery_web_ready\malone_fundraiser_may04\malone_familybg.jpg --> ftp.bcyd.org /www/photo_galleries/malone_fundraiser_may04 malone_familybg.jpg
2004.06.22 19:05 B E:\dem_gallery_web_ready\malone_fundraiser_may04\malone_oaks_moe.jpg --> ftp.bcyd.org /www/photo_galleries/malone_fundraiser_may04 malone_oaks_moe.jpg
2004.06.22 19:05 B E:\dem_gallery_web_ready\malone_fundraiser_may04\malone_talking1.jpg --> ftp.bcyd.org /www/photo_galleries/malone_fundraiser_may04 malone_talking1.jpg
2004.06.22 19:05 B E:\dem_gallery_web_ready\malone_fundraiser_may04\malone_talking2.jpg --> ftp.bcyd.org /www/photo_galleries/malone_fundraiser_may04 malone_talking2.jpg
2004.06.22 19:05 B E:\dem_gallery_web_ready\malone_fundraiser_may04\malone_talking3.jpg --> ftp.bcyd.org /www/photo_galleries/malone_fundraiser_may04 malone_talking3.jpg
2004.06.22 19:05 B E:\dem_gallery_web_ready\malone_fundraiser_may04\oaks_frank.jpg --> ftp.bcyd.org /www/photo_galleries/malone_fundraiser_may04 oaks_frank.jpg
2004.06.22 19:05 B E:\dem_gallery_web_ready\malone_fundraiser_may04\senator_kasemeyer.jpg --> ftp.bcyd.org /www/photo_galleries/malone_fundraiser_may04 senator_kasemeyer.jpg
