2004.05.31 13:29 B E:\dem_gallery_web_ready\malone_fundraiser_may04\thumbs\co_exec_Smith.png --> ftp.sbcdemclub.org /www/galleries/malone_fundraiser_may04/thumbs co_exec_Smith.png
2004.05.31 13:29 B E:\dem_gallery_web_ready\malone_fundraiser_may04\thumbs\deboy_frank.png --> ftp.sbcdemclub.org /www/galleries/malone_fundraiser_may04/thumbs deboy_frank.png
2004.05.31 13:29 B E:\dem_gallery_web_ready\malone_fundraiser_may04\thumbs\deboy_metcalfe.png --> ftp.sbcdemclub.org /www/galleries/malone_fundraiser_may04/thumbs deboy_metcalfe.png
2004.05.31 13:29 B E:\dem_gallery_web_ready\malone_fundraiser_may04\thumbs\del_busch.png --> ftp.sbcdemclub.org /www/galleries/malone_fundraiser_may04/thumbs del_busch.png
2004.05.31 13:29 B E:\dem_gallery_web_ready\malone_fundraiser_may04\thumbs\del_busch_intro.png --> ftp.sbcdemclub.org /www/galleries/malone_fundraiser_may04/thumbs del_busch_intro.png
2004.05.31 13:29 B E:\dem_gallery_web_ready\malone_fundraiser_may04\thumbs\del_McIntosh.png --> ftp.sbcdemclub.org /www/galleries/malone_fundraiser_may04/thumbs del_McIntosh.png
2004.05.31 13:29 B E:\dem_gallery_web_ready\malone_fundraiser_may04\thumbs\malone_familybg.png --> ftp.sbcdemclub.org /www/galleries/malone_fundraiser_may04/thumbs malone_familybg.png
2004.05.31 13:29 B E:\dem_gallery_web_ready\malone_fundraiser_may04\thumbs\malone_oaks_moe.png --> ftp.sbcdemclub.org /www/galleries/malone_fundraiser_may04/thumbs malone_oaks_moe.png
2004.05.31 13:29 B E:\dem_gallery_web_ready\malone_fundraiser_may04\thumbs\malone_talking1.png --> ftp.sbcdemclub.org /www/galleries/malone_fundraiser_may04/thumbs malone_talking1.png
2004.05.31 13:29 B E:\dem_gallery_web_ready\malone_fundraiser_may04\thumbs\malone_talking2.png --> ftp.sbcdemclub.org /www/galleries/malone_fundraiser_may04/thumbs malone_talking2.png
2004.05.31 13:29 B E:\dem_gallery_web_ready\malone_fundraiser_may04\thumbs\malone_talking3.png --> ftp.sbcdemclub.org /www/galleries/malone_fundraiser_may04/thumbs malone_talking3.png
2004.05.31 13:29 B E:\dem_gallery_web_ready\malone_fundraiser_may04\thumbs\oaks_frank.png --> ftp.sbcdemclub.org /www/galleries/malone_fundraiser_may04/thumbs oaks_frank.png
2004.05.31 13:29 B E:\dem_gallery_web_ready\malone_fundraiser_may04\thumbs\senator_kasemeyer.png --> ftp.sbcdemclub.org /www/galleries/malone_fundraiser_may04/thumbs senator_kasemeyer.png
2004.06.22 19:05 B E:\dem_gallery_web_ready\malone_fundraiser_may04\thumbs\co_exec_Smith.png --> ftp.bcyd.org /www/photo_galleries/malone_fundraiser_may04/thumbs co_exec_Smith.png
2004.06.22 19:05 B E:\dem_gallery_web_ready\malone_fundraiser_may04\thumbs\deboy_frank.png --> ftp.bcyd.org /www/photo_galleries/malone_fundraiser_may04/thumbs deboy_frank.png
2004.06.22 19:05 B E:\dem_gallery_web_ready\malone_fundraiser_may04\thumbs\deboy_metcalfe.png --> ftp.bcyd.org /www/photo_galleries/malone_fundraiser_may04/thumbs deboy_metcalfe.png
2004.06.22 19:05 B E:\dem_gallery_web_ready\malone_fundraiser_may04\thumbs\del_busch.png --> ftp.bcyd.org /www/photo_galleries/malone_fundraiser_may04/thumbs del_busch.png
2004.06.22 19:05 B E:\dem_gallery_web_ready\malone_fundraiser_may04\thumbs\del_busch_intro.png --> ftp.bcyd.org /www/photo_galleries/malone_fundraiser_may04/thumbs del_busch_intro.png
2004.06.22 19:05 B E:\dem_gallery_web_ready\malone_fundraiser_may04\thumbs\del_McIntosh.png --> ftp.bcyd.org /www/photo_galleries/malone_fundraiser_may04/thumbs del_McIntosh.png
2004.06.22 19:05 B E:\dem_gallery_web_ready\malone_fundraiser_may04\thumbs\malone_familybg.png --> ftp.bcyd.org /www/photo_galleries/malone_fundraiser_may04/thumbs malone_familybg.png
2004.06.22 19:05 B E:\dem_gallery_web_ready\malone_fundraiser_may04\thumbs\malone_oaks_moe.png --> ftp.bcyd.org /www/photo_galleries/malone_fundraiser_may04/thumbs malone_oaks_moe.png
2004.06.22 19:05 B E:\dem_gallery_web_ready\malone_fundraiser_may04\thumbs\malone_talking1.png --> ftp.bcyd.org /www/photo_galleries/malone_fundraiser_may04/thumbs malone_talking1.png
2004.06.22 19:05 B E:\dem_gallery_web_ready\malone_fundraiser_may04\thumbs\malone_talking2.png --> ftp.bcyd.org /www/photo_galleries/malone_fundraiser_may04/thumbs malone_talking2.png
2004.06.22 19:05 B E:\dem_gallery_web_ready\malone_fundraiser_may04\thumbs\malone_talking3.png --> ftp.bcyd.org /www/photo_galleries/malone_fundraiser_may04/thumbs malone_talking3.png
2004.06.22 19:05 B E:\dem_gallery_web_ready\malone_fundraiser_may04\thumbs\oaks_frank.png --> ftp.bcyd.org /www/photo_galleries/malone_fundraiser_may04/thumbs oaks_frank.png
2004.06.22 19:05 B E:\dem_gallery_web_ready\malone_fundraiser_may04\thumbs\senator_kasemeyer.png --> ftp.bcyd.org /www/photo_galleries/malone_fundraiser_may04/thumbs senator_kasemeyer.png
