2004.06.22 18:26 B E:\dem_gallery_web_ready\deboy_fundraiser_june04\balt_co_exec_smith.jpg --> ftp.sbcdemclub.org /www/galleries/deboy_fundraiser_june04 balt_co_exec_smith.jpg
2004.06.22 18:26 B E:\dem_gallery_web_ready\deboy_fundraiser_june04\conway_amtmann_bailey.jpg --> ftp.sbcdemclub.org /www/galleries/deboy_fundraiser_june04 conway_amtmann_bailey.jpg
2004.06.22 18:26 B E:\dem_gallery_web_ready\deboy_fundraiser_june04\conway_malone_smith.jpg --> ftp.sbcdemclub.org /www/galleries/deboy_fundraiser_june04 conway_malone_smith.jpg
2004.06.22 18:26 B E:\dem_gallery_web_ready\deboy_fundraiser_june04\crowd1.jpg --> ftp.sbcdemclub.org /www/galleries/deboy_fundraiser_june04 crowd1.jpg
2004.06.22 18:26 B E:\dem_gallery_web_ready\deboy_fundraiser_june04\deboy1.jpg --> ftp.sbcdemclub.org /www/galleries/deboy_fundraiser_june04 deboy1.jpg
2004.06.22 18:26 B E:\dem_gallery_web_ready\deboy_fundraiser_june04\deboy2.jpg --> ftp.sbcdemclub.org /www/galleries/deboy_fundraiser_june04 deboy2.jpg
2004.06.22 18:26 B E:\dem_gallery_web_ready\deboy_fundraiser_june04\deboy3.jpg --> ftp.sbcdemclub.org /www/galleries/deboy_fundraiser_june04 deboy3.jpg
2004.06.22 18:26 B E:\dem_gallery_web_ready\deboy_fundraiser_june04\deboy_amtmann.jpg --> ftp.sbcdemclub.org /www/galleries/deboy_fundraiser_june04 deboy_amtmann.jpg
2004.06.22 18:26 B E:\dem_gallery_web_ready\deboy_fundraiser_june04\deboy_family.jpg --> ftp.sbcdemclub.org /www/galleries/deboy_fundraiser_june04 deboy_family.jpg
2004.06.22 18:26 B E:\dem_gallery_web_ready\deboy_fundraiser_june04\deboy_group.jpg --> ftp.sbcdemclub.org /www/galleries/deboy_fundraiser_june04 deboy_group.jpg
2004.06.22 18:26 B E:\dem_gallery_web_ready\deboy_fundraiser_june04\deboy_jones_malone.jpg --> ftp.sbcdemclub.org /www/galleries/deboy_fundraiser_june04 deboy_jones_malone.jpg
2004.06.22 18:26 B E:\dem_gallery_web_ready\deboy_fundraiser_june04\del_conway.jpg --> ftp.sbcdemclub.org /www/galleries/deboy_fundraiser_june04 del_conway.jpg
2004.06.22 18:26 B E:\dem_gallery_web_ready\deboy_fundraiser_june04\executive_robey.jpg --> ftp.sbcdemclub.org /www/galleries/deboy_fundraiser_june04 executive_robey.jpg
2004.06.22 18:26 B E:\dem_gallery_web_ready\deboy_fundraiser_june04\images.html --> ftp.sbcdemclub.org /www/galleries/deboy_fundraiser_june04 images.html
2004.06.22 18:26 B E:\dem_gallery_web_ready\deboy_fundraiser_june04\index.html --> ftp.sbcdemclub.org /www/galleries/deboy_fundraiser_june04 index.html
2004.06.22 18:26 B E:\dem_gallery_web_ready\deboy_fundraiser_june04\malone_speaking1.jpg --> ftp.sbcdemclub.org /www/galleries/deboy_fundraiser_june04 malone_speaking1.jpg
2004.06.22 18:26 B E:\dem_gallery_web_ready\deboy_fundraiser_june04\moxley_quirk_amtmann_metcalfe.jpg --> ftp.sbcdemclub.org /www/galleries/deboy_fundraiser_june04 moxley_quirk_amtmann_metcalfe.jpg
2004.06.22 18:26 B E:\dem_gallery_web_ready\deboy_fundraiser_june04\senator_kasemeyer_speaking.jpg --> ftp.sbcdemclub.org /www/galleries/deboy_fundraiser_june04 senator_kasemeyer_speaking.jpg
2004.06.22 18:35 B E:\dem_gallery_web_ready\deboy_fundraiser_june04\index.html --> ftp.sbcdemclub.org /www/galleries/deboy_fundraiser_june04 index.html
2004.06.22 18:38 B E:\dem_gallery_web_ready\deboy_fundraiser_june04\index.html --> ftp.sbcdemclub.org /www/galleries/deboy_fundraiser_june04 index.html
2004.06.22 19:23 B E:\dem_gallery_web_ready\deboy_fundraiser_june04\balt_co_exec_smith.jpg --> ftp.bcyd.org /www/photo_galleries/deboy_fundraiser_june04 balt_co_exec_smith.jpg
2004.06.22 19:23 B E:\dem_gallery_web_ready\deboy_fundraiser_june04\bcyd_index.html --> ftp.bcyd.org /www/photo_galleries/deboy_fundraiser_june04 bcyd_index.html
2004.06.22 19:23 B E:\dem_gallery_web_ready\deboy_fundraiser_june04\conway_amtmann_bailey.jpg --> ftp.bcyd.org /www/photo_galleries/deboy_fundraiser_june04 conway_amtmann_bailey.jpg
2004.06.22 19:23 B E:\dem_gallery_web_ready\deboy_fundraiser_june04\conway_malone_smith.jpg --> ftp.bcyd.org /www/photo_galleries/deboy_fundraiser_june04 conway_malone_smith.jpg
2004.06.22 19:23 B E:\dem_gallery_web_ready\deboy_fundraiser_june04\crowd1.jpg --> ftp.bcyd.org /www/photo_galleries/deboy_fundraiser_june04 crowd1.jpg
2004.06.22 19:23 B E:\dem_gallery_web_ready\deboy_fundraiser_june04\deboy1.jpg --> ftp.bcyd.org /www/photo_galleries/deboy_fundraiser_june04 deboy1.jpg
2004.06.22 19:23 B E:\dem_gallery_web_ready\deboy_fundraiser_june04\deboy2.jpg --> ftp.bcyd.org /www/photo_galleries/deboy_fundraiser_june04 deboy2.jpg
2004.06.22 19:23 B E:\dem_gallery_web_ready\deboy_fundraiser_june04\deboy3.jpg --> ftp.bcyd.org /www/photo_galleries/deboy_fundraiser_june04 deboy3.jpg
2004.06.22 19:23 B E:\dem_gallery_web_ready\deboy_fundraiser_june04\deboy_amtmann.jpg --> ftp.bcyd.org /www/photo_galleries/deboy_fundraiser_june04 deboy_amtmann.jpg
2004.06.22 19:23 B E:\dem_gallery_web_ready\deboy_fundraiser_june04\deboy_family.jpg --> ftp.bcyd.org /www/photo_galleries/deboy_fundraiser_june04 deboy_family.jpg
2004.06.22 19:23 B E:\dem_gallery_web_ready\deboy_fundraiser_june04\deboy_group.jpg --> ftp.bcyd.org /www/photo_galleries/deboy_fundraiser_june04 deboy_group.jpg
2004.06.22 19:23 B E:\dem_gallery_web_ready\deboy_fundraiser_june04\deboy_jones_malone.jpg --> ftp.bcyd.org /www/photo_galleries/deboy_fundraiser_june04 deboy_jones_malone.jpg
2004.06.22 19:23 B E:\dem_gallery_web_ready\deboy_fundraiser_june04\del_conway.jpg --> ftp.bcyd.org /www/photo_galleries/deboy_fundraiser_june04 del_conway.jpg
2004.06.22 19:23 B E:\dem_gallery_web_ready\deboy_fundraiser_june04\executive_robey.jpg --> ftp.bcyd.org /www/photo_galleries/deboy_fundraiser_june04 executive_robey.jpg
2004.06.22 19:23 B E:\dem_gallery_web_ready\deboy_fundraiser_june04\images.html --> ftp.bcyd.org /www/photo_galleries/deboy_fundraiser_june04 images.html
2004.06.22 19:23 B E:\dem_gallery_web_ready\deboy_fundraiser_june04\index.html --> ftp.bcyd.org /www/photo_galleries/deboy_fundraiser_june04 index.html
2004.06.22 19:23 B E:\dem_gallery_web_ready\deboy_fundraiser_june04\malone_speaking1.jpg --> ftp.bcyd.org /www/photo_galleries/deboy_fundraiser_june04 malone_speaking1.jpg
2004.06.22 19:23 B E:\dem_gallery_web_ready\deboy_fundraiser_june04\moxley_quirk_amtmann_metcalfe.jpg --> ftp.bcyd.org /www/photo_galleries/deboy_fundraiser_june04 moxley_quirk_amtmann_metcalfe.jpg
2004.06.22 19:23 B E:\dem_gallery_web_ready\deboy_fundraiser_june04\senator_kasemeyer_speaking.jpg --> ftp.bcyd.org /www/photo_galleries/deboy_fundraiser_june04 senator_kasemeyer_speaking.jpg
